0.0
0.8414709848078965
0.9092974268256817
0.1411200080598672
-0.7568024953079282
-0.9589242746631385
-0.27941549819892586
0.6569865987187884
0.9893582466233818
0.4121184852417566
-0.5440211108893698
-0.9999902065507035
-0.5365729180004349
0.4201670368266409
0.99060735569487
0.6502878401571183
-0.2879033166650653
-0.9613974918795568
-0.750987246771676
0.14987720966295234
0.9129452507276277
0.836655638536058
-0.008851309290400323
-0.8462204041751706
-0.9055783620066239
-0.13235175009777303
0.7625584504796027
0.956375928404503
0.27090578830787243
-0.6636338842129649
-0.9880316240928624
-0.40403764532306824
0.5514266812416906
0.9999118601072672
0.5290826861200238
-0.428182669496151
-0.9917788534431158
-0.6435381333569995
0.2963685787093853
0.9637953862840878
0.7451131604793488
-0.15862266880470197
-0.9165215479156309
-0.8317747426286022
0.017701925105406472
0.8509035245341184
0.9017883476488092
0.123573122745224
-0.7682546613236668
-0.9537526527594719
-0.26237485370392877
0.6702291758433747
0.9866275920404853
0.39592515018183416
-0.5587890488516163
-0.9997551733586199
-0.521551002086918
0.43616475524782494
0.9928726480845362
0.6367380071391379
-0.3048106211022099
-0.9661177700083929
-0.7391806966492277
0.16735570030280691
0.9200260381967906
0.8268286794901114
-0.026551154023966794
-0.855519978975315
-0.8979276806892913
-0.11478481378320134
0.7738906815578891
0.9510546532543747
0.25382336276203626
-0.6767719568873076
-0.9851462604682474
-0.38778163540943045
0.5661076368981803
0.9995201585807313
0.5139784559875352
-0.4441126687075084
-0.9938886539233752
-0.6298879942744539
0.3132287824330717
0.9683644611001854
0.7331903200733019
-0.1760756199485871
-0.9234584470040543
-0.8218178366308225
0.03539830273364648
0.8600694058124533
0.8939966636005579
0.10598751175115685
-0.7794660696158047
-0.9482821412699473
-0.24525198546765434
0.683261714736121
0.9835877454343449
0.37960773902753486
-0.5733818719904229
-0.9992068341863543
-0.5063656411097588
0.4520257871783379
0.9948267913584063
0.6229886314423599
-0.32162240316253093
-0.9705352835374813
-0.7271425000808526
0.18478174456066745
0.926818505417785
0.8167426066363169
-0.044242678085070965
-0.8645514486106083
-0.8899956043668398
-0.09718190589322316
0.7849803886813105
0.9454353340247703
0.23666139336429984
-0.6896979409353788
-0.9819521690440836
-0.3714041014380902
0.5806111842123027
0.9988152247235802
0.4987131538963941
-0.45990349068959124
-0.9956869868891781
-0.6160404591886677
0.329990825673782
0.972630067242408
0.7210377105017316
-0.19347339203846847
-0.9301059501867514
-0.8116033871367004
0.05308358714605824
0.8689657562142357
0.8859248164599616
0.08836868610400143
-0.7904332067228887
-0.9425144545582509
-0.22805225950088887
0.6960801312247415
0.9802396594403116
0.363171365373259
-0.5877950071674065
-0.9983453608739179
-0.49102159389846933
0.4677451620451334
0.9964691731217737
0.609044021883315
-0.3383333943242765
-0.9746486480944947
-0.7148764296291646
0.2021498814156258
0.933320523748862
0.8064005807754863
-0.06192033725605731
-0.8733119827746337
-0.8817846188147811
-0.0795485428747221
0.7958240965274552
0.9395197317131483
0.21942525837900473
-0.702407785577371
-0.9784503507933796
-0.35491017584493534
0.5949327780231858
0.9977972794498907
0.48329156372825655
-0.47555018687189876
-0.9971732887740777
-0.6019998676776046
0.3466494554970303
0.9765908679435658
0.7086591401823428
-0.2108105329134813
-0.9364619742512132
-0.8011345951780408
0.07075223608031682
0.8775897877771021
0.8775753358042688
0.07072216723899125
-0.8011526357338304
-0.936451400117654
-0.21078106590019152
0.7086804082392084
0.9765843832906294
0.34662118009430265
-0.6020239375552833
-0.997171023392149
-0.47552366901205834
0.4833179536679378
0.9977992786806003
0.594908548461427
-0.3549383576518463
-0.9784565746221072
-0.7023863292685124
0.21945466799406363
0.9395300555699313
0.7958058429196471
-0.0795785916642552
-0.8817988360675502
-0.8732972972139946
-0.06189025071872073
0.8064184068658136
0.9333097001669604
0.2021203593127912
-0.7148975077677643
-0.9746419031254163
-0.3383050275409778
0.6090679301910603
0.9964666417661079
0.4677185183427841
-0.49104785385043825
-0.9983470937967718
-0.5877706198198406
0.36319945137636067
0.9802456219572169
0.6960584883449115
-0.22808160941352784
-0.9425245273294025
-0.7904147414931988
0.08839871248753149
0.8859387978787442
0.8689508382163493
0.05305348526993529
-0.8116209973649579
-0.9300948780045254
-0.19344381715903577
0.7210585970706122
0.9726230624856244
0.32996236973242415
-0.6160642040533645
-0.9956841897581032
-0.4598767232321679
0.49873928180328125
0.9988166912028069
0.5805866409896447
-0.37143208943692263
-0.9819578697820202
-0.6896761131802671
0.2366906812750767
0.9454451549211075
0.7849617132764033
-0.09721190751819604
-0.8900093488562771
-0.8645362993442719
-0.044212563228588055
0.8167599996228085
0.926807185502699
0.18475211922174592
-0.727163193443649
-0.9705280195418122
-0.3215938602925038
0.623012211003653
0.9948237286710702
0.45199889806298343
-0.5063916349244664
-0.9992080341070627
-0.5733571748155426
0.37963562682930313
0.9835931839466808
0.6832397038158923
-0.24528120908194284
-0.9482917095220488
-0.7794471854988634
0.10601748626711377
0.8940101700837942
0.8600540264645697
0.035368177256176046
-0.8218350110128074
-0.9234468802429867
-0.1760459464712114
0.7332108186087175
0.9683569384347241
0.31320015487072383
-0.6299114066849614
-0.9938853259197261
-0.4440856600409608
0.5140043136735694
0.99952109184891
0.5660827877060441
-0.3878094208292295
-0.9851514363288754
-0.6767497645263835
0.253852519790234
0.9510639681125854
0.7738715902084317
-0.11481475884166603
-0.8979409481081247
-0.8555043707508208
-0.026521020285812776
0.8268456339220814
0.9200142254959646
0.16732598101183924
-0.739200998751274
-0.9661099892625443
-0.30478191109030295
0.6367612505645516
0.9928690550253247
0.43613762914604876
-0.5215767216183704
-0.9997558399011495
-0.5587640495890891
0.39595283104268847
0.9866325048439105
0.6702068037805061
-0.2624039418616639
-0.9537617134939987
-0.7682353642374835
0.12360303600011291
0.9018013749637745
0.8508876886558895
0.01767178546737087
-0.8317914757822045
-0.9165094902005468
-0.15859290602857282
0.7451332645573747
0.9637873480674221
0.2963397884973224
-0.6435612059762619
-0.9917749956098326
-0.42815542808445156
0.5291082654818533
0.9999122598719259
0.5514015338674424
-0.4040652194563607
-0.9880362734541701
-0.6636113342009432
0.2709348053161655
0.9563847343054461
0.7625389491684939
-0.13238162920545193
-0.9055911481970432
-0.8462043418838514
-0.008821166113885877
0.8366721491002946
0.9129329489429682
0.1498474057335344
-0.7510071512506543
-0.9613891968218607
-0.2878744485084861
0.6503107401625525
0.9906032333897815
0.4201396822393068
-0.5365983551885637
-0.9999903395061707
-0.5439958173735323
0.412145950487085
0.9893626321783087
0.6569638725243397
-0.2794444417843274
-0.9589328250406132
-0.7567827912998033
0.1411498506793351
0.9093099708898409
0.8414546973619834
-3.014435335948845e-05
-0.8414872714892108
-0.9092848819352839
-0.14109016531210986
0.7568221986283603
0.9589157234143065
0.2793865543595699
-0.6570093243162037
-0.9893538601694428
-0.41209101962194344
0.5440464039108174
0.9999900726865629
0.5365474803247321
-0.42019439103217676
-0.9906114770998198
-0.6502649395608194
0.28793218456003195
0.9614057860636483
0.7509673416102893
-0.14990701345623575
-0.912957551682687
-0.8366391272115635
0.00888145245887885
0.8462364656975142
0.9055655749932976
0.13232187086982847
-0.7625779510977885
-0.9563671216345017
-0.27087677105346003
0.6636564336219596
0.9880269738337468
0.4040100708226796
-0.5514518281149147
-0.9999114594340072
-0.5290571062774264
0.42820991051876856
0.99178271037518
0.6435150601529656
-0.2963973686521434
-0.9638034236249698
-0.745093055724214
0.15865243143665145
0.916533604797894
0.8317580087191733
-0.017732064727314027
-0.8509193596391765
-0.9017753195144296
-0.12354320937804643
0.7682739577117872
0.9537435911583041
0.26234576530777837
-0.6702515472972181
-0.9866226783405385
-0.39589746896115763
0.5588140476063347
0.9997545059076306
0.5215252820815293
-0.4361918809532149
-0.9928762402415507
-0.6367147631351318
0.30483933083715453
0.9661255498763623
0.7391603938755298
-0.1673854194417015
-0.9200378500616057
-0.8268117243068331
0.02658128773805108
0.8555355864223987
0.8979144124545271
0.1147548686204055
-0.77390977220409
-0.9510453375319575
-0.2537942055031938
0.6767941486332613
0.9851410837124249
0.3877538496373136
-0.5661324855759046
-0.9995192244043064
-0.5139525978345069
0.4441396769705497
0.9938919810238892
0.6298645812915785
-0.31325740971087507
-0.968371982885697
-0.73316982087163
0.176105293265966
0.923470012925981
0.8218006615020667
-0.035428428178979524
-0.8600847843788071
-0.8939831563049884
-0.10595753713889097
0.7794849530244592
0.9482725721561768
0.2452227616305097
-0.6832837250355236
-0.9835823060282506
-0.3795798508808501
0.5734065686442813
0.9992056333576856
0.5063396468349504
-0.45205267588297
-0.9948298531417643
-0.6229650513149906
0.32165094574030556
0.970542546651256
0.7271218060573539
-0.18481136973170906
-0.9268298244906983
-0.8167252129076988
0.04427279290132295
0.8645665970913422
0.8899818590686923
0.09715190417994282
-0.7849990633729202
-0.9454255122693237
-0.23663210523850065
0.689719768063795
0.9819464674138593
0.3713761131018224
-0.580635726907393
-0.9988137573367454
-0.49868702553638444
0.45993025772913376
0.9956897831154927
0.6160167137642083
-0.3300192813152564
-0.9726370711153801
-0.7210168232776373
0.1935029667420675
0.9301170215238276
0.8115857761709371
-0.05311368897388834
-0.8689806734225085
-0.8859108342361154
-0.08833865964022895
0.7904516712343437
0.9425043809306535
0.22802290938102288
-0.6961017734720154
-0.9802336960326743
-0.363143279040203
0.5878193939808076
0.9983436270438855
0.4909953335002932
-0.4677718053224259
-0.9964717035719659
-0.6090201130220971
0.33836176080008423
0.9746553921779337
0.7148553508409695
-0.20217940333477036
-0.9333313464826515
-0.8063827539523805
0.06195042373707126
0.87332666754171
0.8817704007607503
0.07951849401287635
-0.7958423494121123
-0.9395094070026404
-0.21939584856455807
0.7024292412479847
0.9784441260755459
0.35488199371552387
-0.5949570070443855
-0.9977952793125084
-0.483265173349392
0.4755767042996153
0.9971755532498886
0.6019757972528995
-0.34667773058479046
-0.9765973517090915
-0.708637871481491
0.21083999973521134
0.9364725475338364
0.8011165538942744
-0.07078230485740782
-0.8776042389525125
-0.8775608830340395
-0.07069209833337335
0.8011706755616272
0.9364408251331781
0.21075159869536877
-0.708701675652129
-0.9765778977503128
-0.34659290437655327
0.6020480068859135
0.9971687571041068
0.47549715072011806
-0.48334434316848646
-0.9978012770046274
-0.5948843183591541
0.35496653913623116
0.9784627975617406
0.7023648723214483
-0.219484077409708
-0.9395403785729803
-0.7957875885887733
0.0796086403815333
0.8818130525190443
0.873282610859792
0.061860164125145584
-0.8064362322233966
-0.9332988757369771
-0.20209083702626568
0.7149185852567496
0.9746351572706857
0.3382766604503744
-0.6090918379453792
-0.9964641095049708
-0.46769187421547764
0.4910741133562503
0.9983488258124457
0.587746231938178
-0.36322753704942956
-0.9802515835834019
-0.6960368448325855
0.22811095911894086
0.9425345992440989
0.7903962755452384
-0.088428738790622
-0.8859527784925297
-0.8689359194288628
-0.0530233833457171
0.811638606855743
0.9300838049771285
0.19341424210376837
-0.7210794829843191
-0.9726160568450356
-0.32993391349118173
0.616087948358266
0.9956813917222668
0.4598499553568124
-0.4987654092568745
-0.9988181567744302
-0.5805620972394064
0.3714600770981358
0.9819635696276799
0.6896542847984487
-0.23671996897068032
-0.9454549749583542
-0.7849430371582153
0.09724190905490493
0.8900230925369855
0.864521149292347
0.044182448331873195
-0.8167773918670593
-0.9267958647454188
-0.18472249371488758
0.7271838861456073
0.9705207546642247
0.3215653171302501
-0.6230357899987482
-0.9948206650797496
-0.451972008536893
0.506417628279074
0.9992092331198094
0.5733324771196631
-0.37966351428611655
-0.9835986215652228
-0.683217692274733
0.24531043247334874
0.9483012769124186
0.7794283006736524
-0.10604746068673451
-0.8940236757546086
-0.8600386463351707
-0.03533805174655298
0.8218521846480703
0.923435312642794
0.17601627283386595
-0.7332313164778873
-0.9683494148893628
-0.31317152702365525
0.6299348185230796
0.9938819970129639
0.4440586509707787
-0.514030170892537
-0.9995220242088385
-0.5660579379995188
0.38783720589663306
0.9851566112943334
0.6767275715505089
-0.2538816765877605
-0.9510732821065815
-0.773852498155771
0.11484470379581474
0.8979542147110153
0.8554887617489966
0.026490886523445938
-0.8268625876027196
-0.9200024119591826
-0.1672962615688254
0.7392213001816265
0.9661022076388088
0.3047532008014393
-0.6367844934113518
-0.9928654610638965
-0.43611050264796214
0.5216024406758817
0.999756505535219
0.5587390498189174
-0.3959805115438519
-0.9866374167508005
-0.6701844311087171
0.2624330297809573
0.9537707733618594
0.7682160664532186
-0.12363294914268595
-0.9018144014592891
-0.8508718520044144
-0.01764164581327013
0.8318082081799767
0.9164974316526442
0.1585631431084384
-0.7451533679583873
-0.9637793089749802
-0.29631099801608946
0.6435842780107317
0.9917711368753414
0.42812818628379773
-0.5291338443628917
-0.9999126587279824
-0.5513763859920506
0.40409279322248953
0.9880409219176677
0.6635887835859072
-0.2709638220781589
-0.9563935393373727
-0.7625194471644794
0.13241150819272535
0.9056039335646163
0.8461882788236016
0.008791022929465925
-0.8366886589042641
-0.912920646328743
-0.1498176016678404
0.7510270550472057
0.9613809008905675
0.2878455800903205
-0.6503336395769762
-0.9905991101845337
-0.42011232727019937
0.5366237918889992
0.999990471552965
0.5439705233633756
-0.4121734153578003
-0.9893670168342196
-0.6569411457329191
0.2794733851158029
0.9589413745467228
0.7567630866040035
-0.1411796931706552
-0.9093225141276792
-0.8414384091513941
6.0288706691585265e-05
0.8415035574058192
0.9092723362185879
0.14106032243614638
-0.7568419012610074
-0.9589071712941251
-0.2793576102663403
0.6570320493166057
0.9893494728164958
0.41206355362767066
-0.5440716964379951
-0.9999899379137498
-0.536522042161478
0.42022174485588953
0.9906155976046029
0.6502420383735517
-0.28796105219335977
-0.9614140793740964
-0.750947435766512
0.14993681711330134
0.9129698518081582
0.8366226151268321
-0.008911595619283405
-0.8462525264509585
-0.9055527871571002
-0.1322919915216454
0.7625974510230334
0.9563583139955
0.2708477535528008
-0.663678982427899
-0.9880223226768471
-0.40398249595507346
0.5514769744870444
0.9999110578521456
0.5290315259540843
-0.42823715115227945
-0.9917865664060436
-0.643491986364181
0.29642615832557057
0.963811460090061
0.7450729502921023
-0.15868219392454155
-0.9165456608473167
-0.8317412740540079
0.01776220433321534
0.8509351939710194
0.9017622905606228
0.12351329589860735
-0.7682932534017909
-0.9537345286904868
-0.26231667667323905
0.670273918142016
0.986617763744047
0.39586978738084055
-0.5588390458533631
-0.9997538375481824
-0.521499561602343
0.43621900626234744
0.9928798314963556
0.636691518552642
-0.30486804029509035
-0.9661333288664309
-0.739140090430175
0.16741513842849595
0.9200496610903988
0.8267947683721899
-0.02661142142786778
-0.8555511930921242
-0.8979011434038441
-0.11472492335346104
0.773928862147125
0.9510360209453427
0.2537650480138431
-0.6768163397642243
-0.9851359060614224
-0.38772606351285177
0.5661573337391944
0.9995182893196364
0.5139267392143615
-0.44416668482990734
-0.9938953072212839
-0.6298411677363565
0.31328603670390565
0.9683795037912949
0.7331493210037495
-0.1761349664232093
-0.9234815780088051
-0.8217834856264904
0.035458553591991564
0.8601001621636173
0.8939696481970214
0.1059275624303434
-0.7795038357247385
-0.9482630021806919
-0.2451935375705356
0.6833057347139554
0.9835768657283723
0.37955196238915595
-0.5734312647770023
-0.9992044316210529
-0.5063136520999421
0.45207956417671585
0.9948329140211382
0.6229414706214662
-0.3216794880256941
-0.9705498088831128
-0.7271011113730546
0.1848409947348159
0.9268411427213753
0.8167078184368716
-0.044302907677458626
-0.8645817447864028
-0.889968112961789
-0.09712190237828329
0.7850177373511449
0.945415689654786
0.23660281689758147
-0.6897415945653825
-0.981940764891358
-0.3713481244279862
0.5806602690748583
0.9988122890423126
0.49866089672312836
-0.459957024350746
-0.9956925784370301
-0.6159929677799073
0.3300477366569554
0.972644074104508
0.7209959353983679
-0.19353254126994537
-0.930128092015671
-0.8115681644677003
0.0531437907535685
0.8689955898411542
0.8858968512073239
0.08830863309607147
-0.7904701350275293
-0.9424943064466571
-0.22799355905387356
0.6961234150868356
0.9802277317343389
0.36311519237705925
-0.5878437802601598
-0.9983418923066826
-0.49096907265595835
0.46779844817476307
0.9964742331166823
0.6089962036075863
-0.33839012696853565
-0.9746621353757209
-0.7148342714032777
0.20220892507028168
0.9333421683683804
0.8063649263965964
-0.06198051016190544
-0.8733413515152515
-0.8817561819055241
-0.07948844507877358
0.7958606015736018
0.9394990814384563
0.21936643855086124
-0.7024506962803133
-0.9784379004686174
-0.35485381126374377
0.5949812355249355
0.9977932782684322
0.48323878253149266
-0.47560322129518384
-0.997177816819599
-0.6019517262812806
